<?xml version="1.0" encoding="UTF-8"?>
<!-- Generated by org.testng.reporters.JUnitReportReporter -->
<testsuite hostname="ashishwadhwa-PC" name="Module10_RestAssured.RestAssuredBookLibraryAddandDelete_JSON" tests="1" failures="0" timestamp="30 Aug 2019 12:32:13 GMT" time="25.622" errors="0">
  <testcase name="AddBook" time="25.622" classname="Module10_RestAssured.RestAssuredBookLibraryAddandDelete_JSON"/>
</testsuite> <!-- Module10_RestAssured.RestAssuredBookLibraryAddandDelete_JSON -->
