<?xml version="1.0" encoding="UTF-8"?>
<!-- Generated by org.testng.reporters.JUnitReportReporter -->
<testsuite hostname="ashishwadhwa-PC" name="Module10_RestAssured.RestAssuredBasics" tests="1" failures="0" timestamp="25 Aug 2019 10:59:35 GMT" time="5.586" errors="0">
  <testcase name="Test" time="5.586" classname="Module10_RestAssured.RestAssuredBasics"/>
</testsuite> <!-- Module10_RestAssured.RestAssuredBasics -->
