<?xml version="1.0" encoding="UTF-8"?>
<!-- Generated by org.testng.reporters.JUnitReportReporter -->
<testsuite hostname="ashishwadhwa-PC" name="Module10_RestAssured.RestAssuredPlaceAddandDelete_XML" tests="1" failures="0" timestamp="25 Aug 2019 10:32:18 GMT" time="4.815" errors="0">
  <testcase name="AddPlace" time="4.815" classname="Module10_RestAssured.RestAssuredPlaceAddandDelete_XML"/>
</testsuite> <!-- Module10_RestAssured.RestAssuredPlaceAddandDelete_XML -->
