<?xml version="1.0" encoding="UTF-8"?>
<!-- Generated by org.testng.reporters.JUnitReportReporter -->
<testsuite hostname="PC-PC" name="Module9_TestNG.HeroKUAppHovers_DataProvider" tests="2" failures="0" timestamp="24 Oct 2019 05:37:06 GMT" time="27.149" errors="0">
  <testcase name="validateOnMouseHover" time="4.514" classname="Module9_TestNG.HeroKUAppHovers_DataProvider"/>
  <testcase name="validateOnMouseHover" time="22.635" classname="Module9_TestNG.HeroKUAppHovers_DataProvider"/>
</testsuite> <!-- Module9_TestNG.HeroKUAppHovers_DataProvider -->
