<?xml version="1.0" encoding="UTF-8"?>
<!-- Generated by org.testng.reporters.JUnitReportReporter -->
<testsuite hostname="ashishwadhwa-PC" name="Module10_RestAssured.RestAssuredPlaceAddandDelete" tests="1" failures="0" timestamp="25 Aug 2019 08:55:39 GMT" time="9.649" errors="0">
  <testcase name="AddPlace" time="9.649" classname="Module10_RestAssured.RestAssuredPlaceAddandDelete"/>
</testsuite> <!-- Module10_RestAssured.RestAssuredPlaceAddandDelete -->
