<?xml version="1.0" encoding="UTF-8"?>
<!-- Generated by org.testng.reporters.JUnitReportReporter -->
<testsuite hostname="ashishwadhwa-PC" name="Module9_TestNG.HeroKUAppFrames" tests="3" failures="0" timestamp="25 May 2019 20:04:32 GMT" time="2.512" errors="0">
  <testcase name="testFrameBottom" time="0.093" classname="Module9_TestNG.HeroKUAppFrames"/>
  <testcase name="testFrameRight" time="0.096" classname="Module9_TestNG.HeroKUAppFrames"/>
  <testcase name="testFrameNestedFrameLeft" time="2.323" classname="Module9_TestNG.HeroKUAppFrames"/>
</testsuite> <!-- Module9_TestNG.HeroKUAppFrames -->
