<?xml version="1.0" encoding="UTF-8"?>
<!-- Generated by org.testng.reporters.JUnitReportReporter -->
<testsuite hostname="ashishwadhwa-PC" name="Module10_RestAssured.RestAssuredBookLibraryAddandDelete_XML" tests="1" failures="0" timestamp="29 Aug 2019 16:35:43 GMT" time="12.973" errors="0">
  <testcase name="AddBook" time="12.973" classname="Module10_RestAssured.RestAssuredBookLibraryAddandDelete_XML"/>
</testsuite> <!-- Module10_RestAssured.RestAssuredBookLibraryAddandDelete_XML -->
