<?xml version="1.0" encoding="UTF-8"?>
<!-- Generated by org.testng.reporters.JUnitReportReporter -->
<testsuite hostname="ashishwadhwa-PC" name="Module10_RestAssured.RestAssuredBookLibrary_StaticJSON" tests="1" failures="0" timestamp="31 Aug 2019 09:54:36 GMT" time="4.123" errors="0">
  <testcase name="AddBook" time="4.123" classname="Module10_RestAssured.RestAssuredBookLibrary_StaticJSON"/>
</testsuite> <!-- Module10_RestAssured.RestAssuredBookLibrary_StaticJSON -->
