<?xml version="1.0" encoding="UTF-8"?>
<!-- Generated by org.testng.reporters.JUnitReportReporter -->
<testsuite hostname="ashishwadhwa-PC" name="Module9_TestNG.HeroKUAppIFrames" tests="1" failures="0" timestamp="30 May 2019 21:00:51 GMT" time="3.167" errors="0">
  <testcase name="typeInEditor" time="3.167" classname="Module9_TestNG.HeroKUAppIFrames"/>
</testsuite> <!-- Module9_TestNG.HeroKUAppIFrames -->
