<?xml version="1.0" encoding="UTF-8"?>
<!-- Generated by org.testng.reporters.JUnitReportReporter -->
<testsuite hostname="ashishwadhwa-PC" name="Module10_RestAssured.RestAssuredBookLibraryAddandDelete_JSON_DataProvider" tests="4" failures="0" timestamp="31 Aug 2019 09:15:28 GMT" time="9.522" errors="0">
  <testcase name="AddBook" time="4.965" classname="Module10_RestAssured.RestAssuredBookLibraryAddandDelete_JSON_DataProvider"/>
  <testcase name="AddBook" time="1.451" classname="Module10_RestAssured.RestAssuredBookLibraryAddandDelete_JSON_DataProvider"/>
  <testcase name="AddBook" time="1.543" classname="Module10_RestAssured.RestAssuredBookLibraryAddandDelete_JSON_DataProvider"/>
  <testcase name="AddBook" time="1.563" classname="Module10_RestAssured.RestAssuredBookLibraryAddandDelete_JSON_DataProvider"/>
</testsuite> <!-- Module10_RestAssured.RestAssuredBookLibraryAddandDelete_JSON_DataProvider -->
