<?xml version="1.0" encoding="UTF-8"?>
<!-- Generated by org.testng.reporters.JUnitReportReporter -->
<testsuite hostname="ashishwadhwa-PC" name="planItTestScripts.planItContactMandatoryFieldsvalidationTest" tests="1" failures="0" timestamp="18 Sep 2019 05:56:35 GMT" time="2.256" errors="0">
  <testcase name="validateContactMandatoryFields" time="2.256" classname="planItTestScripts.planItContactMandatoryFieldsvalidationTest"/>
</testsuite> <!-- planItTestScripts.planItContactMandatoryFieldsvalidationTest -->
