<?xml version="1.0" encoding="UTF-8"?>
<!-- Generated by org.testng.reporters.JUnitReportReporter -->
<testsuite hostname="ashishwadhwa-PC" name="Module10_RestAssured.RestAssuredPlaceAdd" tests="1" failures="0" timestamp="22 Aug 2019 18:16:49 GMT" time="4.816" errors="0">
  <testcase name="AddPlace" time="4.816" classname="Module10_RestAssured.RestAssuredPlaceAdd"/>
</testsuite> <!-- Module10_RestAssured.RestAssuredPlaceAdd -->
